{
  "RSpec": {
    "coverage": {
      "/Users/wuyifan/Desktop/workplace/krumblr/app/controllers/pages_controller.rb": [
        1,
        1,
        1,
        null,
        null,
        1,
        2,
        null,
        2,
        1,
        1,
        null,
        null,
        null,
        1,
        2,
        2,
        null,
        2,
        1,
        1,
        null,
        null,
        null,
        1,
        1,
        2,
        null,
        null,
        1,
        1,
        1,
        null,
        null
      ],
      "/Users/wuyifan/Desktop/workplace/krumblr/app/controllers/application_controller.rb": [
        1,
        1,
        1,
        null,
        1,
        26,
        null,
        null,
        1,
        1,
        0,
        null,
        null
      ],
      "/Users/wuyifan/Desktop/workplace/krumblr/spec/controllers/users/blogs_controller_spec.rb": [
        1,
        null,
        1,
        1,
        1,
        12,
        12,
        12,
        null,
        null,
        1,
        1,
        1,
        1,
        1,
        null,
        null,
        null,
        1,
        1,
        1,
        1,
        null,
        null,
        null,
        1,
        1,
        1,
        1,
        null,
        1,
        1,
        null,
        null,
        1,
        1,
        1,
        null,
        1,
        null,
        null,
        null,
        1,
        1,
        1,
        1,
        1,
        null,
        null,
        null,
        1,
        1,
        1,
        1,
        1,
        null,
        null,
        1,
        1,
        1,
        null,
        null,
        null,
        1,
        1,
        1,
        1,
        1,
        null,
        null,
        1,
        1,
        1,
        null,
        null,
        1,
        1,
        1,
        null,
        null,
        null,
        1,
        1,
        1,
        1,
        1,
        null,
        null,
        1,
        1,
        1,
        null,
        null,
        null
      ],
      "/Users/wuyifan/Desktop/workplace/krumblr/app/controllers/users/blogs_controller.rb": [
        1,
        1,
        null,
        1,
        1,
        null,
        null,
        1,
        1,
        null,
        null,
        1,
        1,
        null,
        null,
        1,
        2,
        null,
        2,
        1,
        1,
        null,
        1,
        null,
        null,
        null,
        1,
        2,
        null,
        2,
        1,
        1,
        null,
        null,
        null,
        1,
        3,
        null,
        3,
        2,
        1,
        1,
        null,
        1,
        null,
        null,
        1,
        1,
        null,
        null,
        null,
        1,
        2,
        null,
        2,
        1,
        1,
        null,
        0,
        null,
        1,
        null,
        1,
        1,
        null,
        null,
        null,
        1,
        1,
        4,
        null,
        null
      ],
      "/Users/wuyifan/Desktop/workplace/krumblr/spec/controllers/users/comments_controller_spec.rb": [
        1,
        null,
        1,
        1,
        1,
        3,
        3,
        3,
        3,
        null,
        null,
        1,
        1,
        1,
        1,
        null,
        null,
        1,
        1,
        1,
        1,
        null,
        null,
        null,
        1,
        1,
        1,
        1,
        1,
        null,
        null,
        null
      ],
      "/Users/wuyifan/Desktop/workplace/krumblr/app/controllers/users/comments_controller.rb": [
        1,
        1,
        1,
        null,
        1,
        2,
        null,
        null,
        1,
        1,
        1,
        1,
        null,
        null,
        1,
        1,
        1,
        null,
        null,
        1,
        2,
        1,
        null,
        null,
        null
      ],
      "/Users/wuyifan/Desktop/workplace/krumblr/spec/controllers/users/posts_controller_spec.rb": [
        1,
        null,
        1,
        1,
        1,
        13,
        13,
        13,
        13,
        null,
        null,
        1,
        1,
        1,
        1,
        1,
        null,
        null,
        null,
        1,
        1,
        1,
        1,
        null,
        null,
        null,
        1,
        1,
        1,
        1,
        null,
        1,
        1,
        1,
        1,
        1,
        null,
        null,
        1,
        1,
        1,
        null,
        1,
        null,
        null,
        1,
        1,
        1,
        null,
        1,
        null,
        null,
        null,
        1,
        1,
        1,
        1,
        1,
        null,
        null,
        null,
        1,
        1,
        1,
        1,
        1,
        null,
        null,
        1,
        1,
        1,
        null,
        null,
        null,
        1,
        1,
        1,
        1,
        1,
        null,
        null,
        1,
        1,
        1,
        null,
        null,
        1,
        1,
        1,
        null,
        null,
        null,
        1,
        1,
        1,
        1,
        1,
        null,
        null,
        1,
        1,
        1,
        null,
        null,
        null
      ],
      "/Users/wuyifan/Desktop/workplace/krumblr/app/controllers/users/posts_controller.rb": [
        1,
        1,
        1,
        null,
        1,
        1,
        null,
        null,
        1,
        1,
        null,
        null,
        1,
        2,
        null,
        2,
        1,
        1,
        null,
        1,
        null,
        null,
        null,
        1,
        1,
        null,
        null,
        1,
        2,
        null,
        2,
        1,
        1,
        null,
        null,
        null,
        1,
        3,
        null,
        3,
        2,
        1,
        1,
        null,
        1,
        null,
        null,
        1,
        1,
        null,
        null,
        null,
        1,
        2,
        null,
        2,
        1,
        1,
        null,
        0,
        null,
        1,
        null,
        1,
        1,
        null,
        null,
        null,
        1,
        1,
        15,
        null,
        null,
        1,
        6,
        1,
        null,
        null,
        null
      ],
      "/Users/wuyifan/Desktop/workplace/krumblr/spec/models/blog_spec.rb": [
        1,
        null,
        1,
        1,
        3,
        3,
        null,
        null,
        1,
        2,
        2,
        null,
        null,
        1,
        1,
        1,
        null,
        null,
        null
      ],
      "/Users/wuyifan/Desktop/workplace/krumblr/app/models/blog.rb": [
        1,
        1,
        null,
        1,
        1,
        null,
        1,
        14,
        null,
        null
      ],
      "/Users/wuyifan/Desktop/workplace/krumblr/spec/models/comment_spec.rb": [
        1,
        null,
        1,
        1,
        4,
        4,
        4,
        null,
        null,
        1,
        2,
        2,
        2,
        null,
        null,
        1,
        1,
        1,
        1,
        1,
        1,
        null,
        null,
        null
      ],
      "/Users/wuyifan/Desktop/workplace/krumblr/app/models/comment.rb": [
        1,
        1,
        1,
        3,
        null,
        1,
        1,
        1,
        null,
        1,
        2,
        null,
        null
      ],
      "/Users/wuyifan/Desktop/workplace/krumblr/spec/models/post_spec.rb": [
        1,
        null,
        1,
        1,
        5,
        5,
        5,
        null,
        null,
        1,
        2,
        2,
        2,
        null,
        null,
        1,
        1,
        1,
        null,
        null,
        null,
        1,
        1,
        1,
        null,
        null,
        null
      ],
      "/Users/wuyifan/Desktop/workplace/krumblr/app/models/post.rb": [
        1,
        1,
        1,
        null,
        1,
        1,
        1,
        null,
        1,
        15,
        null,
        null,
        1,
        2,
        null,
        null
      ],
      "/Users/wuyifan/Desktop/workplace/krumblr/app/models/concerns/taggable.rb": [
        1,
        1,
        null,
        1,
        1,
        1,
        null,
        null
      ],
      "/Users/wuyifan/Desktop/workplace/krumblr/spec/models/tag_spec.rb": [
        1,
        null,
        1,
        1,
        2,
        2,
        null,
        null
      ],
      "/Users/wuyifan/Desktop/workplace/krumblr/app/models/tag.rb": [
        1,
        1,
        1,
        null
      ],
      "/Users/wuyifan/Desktop/workplace/krumblr/spec/models/user_spec.rb": [
        1,
        null,
        1,
        1,
        2,
        2,
        null,
        null
      ],
      "/Users/wuyifan/Desktop/workplace/krumblr/spec/services/blog_search_spec.rb": [
        1,
        null,
        1,
        1,
        4,
        4,
        4,
        4,
        4,
        null,
        null,
        1,
        1,
        1,
        1,
        null,
        null,
        1,
        1,
        1,
        null,
        null,
        1,
        1,
        1,
        null,
        null,
        1,
        1,
        1,
        null,
        null,
        null
      ],
      "/Users/wuyifan/Desktop/workplace/krumblr/app/services/blog_search.rb": [
        1,
        1,
        1,
        null,
        1,
        null,
        1,
        5,
        null,
        null
      ],
      "/Users/wuyifan/Desktop/workplace/krumblr/app/models/tagging.rb": [
        1,
        1,
        1,
        null
      ]
    },
    "timestamp": 1537189190
  }
}
